  ClientSession.cpp
C:\Users\LEE JOO YUB\source\repos\Battle_ship_server\Battle_ship_server\server\ClientSession.h(12,39): error C2039: 'shared_ptr': 'std'의 멤버가 아닙니다.
C:\Program Files\Microsoft Visual Studio\2022\Community\VC\Tools\MSVC\14.36.32532\include\string(24,1): message : 'std' 선언을 참조하십시오.
C:\Users\LEE JOO YUB\source\repos\Battle_ship_server\Battle_ship_server\server\ClientSession.h(12,18): error C2061: 구문 오류: 식별자 'shared_ptr'
C:\Users\LEE JOO YUB\source\repos\Battle_ship_server\Battle_ship_server\server\ClientSession.h(29,10): error C2039: 'shared_ptr': 'std'의 멤버가 아닙니다.
C:\Program Files\Microsoft Visual Studio\2022\Community\VC\Tools\MSVC\14.36.32532\include\string(24,1): message : 'std' 선언을 참조하십시오.
C:\Users\LEE JOO YUB\source\repos\Battle_ship_server\Battle_ship_server\server\ClientSession.h(29,20): error C2143: 구문 오류: ';'이(가) '<' 앞에 없습니다.
C:\Users\LEE JOO YUB\source\repos\Battle_ship_server\Battle_ship_server\server\ClientSession.h(29,20): error C4430: 형식 지정자가 없습니다. int로 가정합니다. 참고: C++에서는 기본 int를 지원하지 않습니다.
C:\Users\LEE JOO YUB\source\repos\Battle_ship_server\Battle_ship_server\server\ClientSession.h(29,31): error C2238: ';' 앞에 예기치 않은 토큰이 있습니다.
C:\Users\LEE JOO YUB\source\repos\Battle_ship_server\Battle_ship_server\server\ClientSession.cpp(6,16): error C2511: 'ClientSession::ClientSession(SOCKET,Room *)': 오버로드된 멤버 함수가 'ClientSession'에 없습니다.
C:\Users\LEE JOO YUB\source\repos\Battle_ship_server\Battle_ship_server\server\ClientSession.h(10,7): message : 'ClientSession' 선언을 참조하십시오.
C:\Users\LEE JOO YUB\source\repos\Battle_ship_server\Battle_ship_server\server\ClientSession.cpp(7,53): error C2550: 'ClientSession::{ctor}': 생성자 이니셜라이저 목록은 생성자 정의에만 사용할 수 있습니다.
  GameRoom.cpp
C:\Users\LEE JOO YUB\source\repos\Battle_ship_server\Battle_ship_server\server\GameRoom.cpp(85,42): warning C4267: '인수': 'size_t'에서 'int'(으)로 변환하면서 데이터가 손실될 수 있습니다.
  GameServer.cpp
C:\Users\LEE JOO YUB\source\repos\Battle_ship_server\Battle_ship_server\server\GameServer.cpp(12,23): error C2040: 'room': 'std::shared_ptr<Room>'의 간접 참조 수준이 'Room *'과(와) 다릅니다.
C:\Users\LEE JOO YUB\source\repos\Battle_ship_server\Battle_ship_server\server\GameServer.cpp(28,34): error C2440: '=': 'std::shared_ptr<Room>'에서 'Room *'(으)로 변환할 수 없습니다.
C:\Users\LEE JOO YUB\source\repos\Battle_ship_server\Battle_ship_server\server\GameServer.cpp(28,34): message : 이 변환을 수행할 수 있는 사용 가능한 사용자 정의 변환 연산자가 없거나 연산자를 호출할 수 없습니다.
C:\Users\LEE JOO YUB\source\repos\Battle_ship_server\Battle_ship_server\server\GameServer.cpp(99,32): error C3536: 'session': 초기화되기 전에 사용할 수 없습니다.
  main.cpp
  코드를 생성하고 있습니다...
